<?xml version="1.0" encoding="UTF-8"?>
<!-- Generated by org.testng.reporters.JUnitXMLReporter -->
<testsuite hostname="Rakeshs-Air" name="I phone" tests="20" failures="0" timestamp="1 Mar 2021 03:20:24 GMT" time="2.28"
           errors="0">
    <testcase name="@BeforeTest beforeTest" time="0.0" classname="com.keylessQE.test.LoginTest">
        <failure type="org.openqa.selenium.WebDriverException" message="Connection refused (Connection refused)
Build info: version: &amp;apos;3.141.59&amp;apos;, revision: &amp;apos;e82be7d358&amp;apos;, time: &amp;apos;2018-11-14T08:17:03&amp;apos;
System info: host: &amp;apos;Rakeshs-Air&amp;apos;, ip: &amp;apos;2409:4072:6c80:cb6d:599f:2340:9066:39a8%en0&amp;apos;, os.name: &amp;apos;Mac OS X&amp;apos;, os.arch: &amp;apos;x86_64&amp;apos;, os.version: &amp;apos;10.15.6&amp;apos;, java.version: &amp;apos;1.8.0_261&amp;apos;
Driver info: driver.version: IOSDriver">
            <![CDATA[org.openqa.selenium.WebDriverException: Connection refused (Connection refused)
Build info: version: '3.141.59', revision: 'e82be7d358', time: '2018-11-14T08:17:03'
System info: host: 'Rakeshs-Air', ip: '2409:4072:6c80:cb6d:599f:2340:9066:39a8%en0', os.name: 'Mac OS X', os.arch: 'x86_64', os.version: '10.15.6', java.version: '1.8.0_261'
Driver info: driver.version: IOSDriver
	at io.appium.java_client.remote.AppiumCommandExecutor.lambda$5(AppiumCommandExecutor.java:251)
	at java.util.Optional.orElseGet(Optional.java:267)
	at io.appium.java_client.remote.AppiumCommandExecutor.execute(AppiumCommandExecutor.java:250)
	at org.openqa.selenium.remote.RemoteWebDriver.execute(RemoteWebDriver.java:552)
	at io.appium.java_client.DefaultGenericMobileDriver.execute(DefaultGenericMobileDriver.java:41)
	at io.appium.java_client.AppiumDriver.execute(AppiumDriver.java:1)
	at io.appium.java_client.ios.IOSDriver.execute(IOSDriver.java:1)
	at org.openqa.selenium.remote.RemoteWebDriver.startSession(RemoteWebDriver.java:213)
	at io.appium.java_client.AppiumDriver.startSession(AppiumDriver.java:336)
	at org.openqa.selenium.remote.RemoteWebDriver.<init>(RemoteWebDriver.java:131)
	at io.appium.java_client.DefaultGenericMobileDriver.<init>(DefaultGenericMobileDriver.java:37)
	at io.appium.java_client.AppiumDriver.<init>(AppiumDriver.java:88)
	at io.appium.java_client.AppiumDriver.<init>(AppiumDriver.java:98)
	at io.appium.java_client.ios.IOSDriver.<init>(IOSDriver.java:90)
	at com.keylessQE.BaseTest.beforeTest(BaseTest.java:275)
	at java.util.concurrent.FutureTask.run(FutureTask.java:266)
	at java.util.concurrent.ThreadPoolExecutor.runWorker(ThreadPoolExecutor.java:1149)
	at java.util.concurrent.ThreadPoolExecutor$Worker.run(ThreadPoolExecutor.java:624)
	at java.lang.Thread.run(Thread.java:748)
Caused by: java.net.ConnectException: Connection refused (Connection refused)
	at java.net.PlainSocketImpl.socketConnect(Native Method)
	at java.net.AbstractPlainSocketImpl.doConnect(AbstractPlainSocketImpl.java:476)
	at java.net.AbstractPlainSocketImpl.connectToAddress(AbstractPlainSocketImpl.java:218)
	at java.net.AbstractPlainSocketImpl.connect(AbstractPlainSocketImpl.java:200)
	at java.net.SocksSocketImpl.connect(SocksSocketImpl.java:394)
	at java.net.Socket.connect(Socket.java:606)
	at okhttp3.internal.platform.Platform.connectSocket(Platform.java:129)
	at okhttp3.internal.connection.RealConnection.connectSocket(RealConnection.java:245)
	at okhttp3.internal.connection.RealConnection.connect(RealConnection.java:165)
	at okhttp3.internal.connection.StreamAllocation.findConnection(StreamAllocation.java:257)
	at okhttp3.internal.connection.StreamAllocation.findHealthyConnection(StreamAllocation.java:135)
	at okhttp3.internal.connection.StreamAllocation.newStream(StreamAllocation.java:114)
	at okhttp3.internal.connection.ConnectInterceptor.intercept(ConnectInterceptor.java:42)
	at okhttp3.internal.http.RealInterceptorChain.proceed(RealInterceptorChain.java:147)
	at okhttp3.internal.http.RealInterceptorChain.proceed(RealInterceptorChain.java:121)
	at okhttp3.internal.cache.CacheInterceptor.intercept(CacheInterceptor.java:93)
	at okhttp3.internal.http.RealInterceptorChain.proceed(RealInterceptorChain.java:147)
	at okhttp3.internal.http.RealInterceptorChain.proceed(RealInterceptorChain.java:121)
	at okhttp3.internal.http.BridgeInterceptor.intercept(BridgeInterceptor.java:93)
	at okhttp3.internal.http.RealInterceptorChain.proceed(RealInterceptorChain.java:147)
	at okhttp3.internal.http.RetryAndFollowUpInterceptor.intercept(RetryAndFollowUpInterceptor.java:126)
	at okhttp3.internal.http.RealInterceptorChain.proceed(RealInterceptorChain.java:147)
	at okhttp3.internal.http.RealInterceptorChain.proceed(RealInterceptorChain.java:121)
	at okhttp3.RealCall.getResponseWithInterceptorChain(RealCall.java:200)
	at okhttp3.RealCall.execute(RealCall.java:77)
	at org.openqa.selenium.remote.internal.OkHttpClient.execute(OkHttpClient.java:103)
	at org.openqa.selenium.remote.ProtocolHandshake.createSession(ProtocolHandshake.java:105)
	at io.appium.java_client.remote.AppiumCommandExecutor$1.createSession(AppiumCommandExecutor.java:186)
	at io.appium.java_client.remote.AppiumCommandExecutor.createSession(AppiumCommandExecutor.java:217)
	at io.appium.java_client.remote.AppiumCommandExecutor.execute(AppiumCommandExecutor.java:239)
	... 30 more
... Removed 18 stack frames]]>
        </failure>
    </testcase> <!-- @BeforeTest beforeTest -->
    <testcase name="@BeforeClass beforeClass" time="0.0" classname="com.keylessQE.test.LoginTest">
        <skipped/>
    </testcase> <!-- @BeforeClass beforeClass -->
    <testcase name="@BeforeMethod beforeMethod" time="0.0" classname="com.keylessQE.test.LoginTest">
        <skipped/>
    </testcase> <!-- @BeforeMethod beforeMethod -->
    <testcase name="@BeforeMethod beforeMethod" time="0.0" classname="com.keylessQE.test.LoginTest">
        <skipped/>
    </testcase> <!-- @BeforeMethod beforeMethod -->
    <testcase name="@AfterMethod afterMethod" time="0.0" classname="com.keylessQE.test.LoginTest">
        <skipped/>
    </testcase> <!-- @AfterMethod afterMethod -->
    <testcase name="@AfterMethod afterMethod" time="0.0" classname="com.keylessQE.test.LoginTest">
        <skipped/>
    </testcase> <!-- @AfterMethod afterMethod -->
    <testcase name="@AfterClass afterClass" time="0.0" classname="com.keylessQE.test.LoginTest">
        <skipped/>
    </testcase> <!-- @AfterClass afterClass -->
    <testcase name="@BeforeClass beforeClass" time="0.0" classname="com.keylessQE.test.UserGuideTest">
        <skipped/>
    </testcase> <!-- @BeforeClass beforeClass -->
    <testcase name="@BeforeMethod beforeMethod" time="0.0" classname="com.keylessQE.test.UserGuideTest">
        <skipped/>
    </testcase> <!-- @BeforeMethod beforeMethod -->
    <testcase name="@BeforeMethod beforeMethod" time="0.0" classname="com.keylessQE.test.UserGuideTest">
        <skipped/>
    </testcase> <!-- @BeforeMethod beforeMethod -->
    <testcase name="@AfterMethod afterMethod" time="0.0" classname="com.keylessQE.test.UserGuideTest">
        <skipped/>
    </testcase> <!-- @AfterMethod afterMethod -->
    <testcase name="@AfterMethod afterMethod" time="0.0" classname="com.keylessQE.test.UserGuideTest">
        <skipped/>
    </testcase> <!-- @AfterMethod afterMethod -->
    <testcase name="@BeforeMethod beforeMethod" time="0.0" classname="com.keylessQE.test.UserGuideTest">
        <skipped/>
    </testcase> <!-- @BeforeMethod beforeMethod -->
    <testcase name="@BeforeMethod beforeMethod" time="0.0" classname="com.keylessQE.test.UserGuideTest">
        <skipped/>
    </testcase> <!-- @BeforeMethod beforeMethod -->
    <testcase name="@AfterMethod afterMethod" time="0.0" classname="com.keylessQE.test.UserGuideTest">
        <skipped/>
    </testcase> <!-- @AfterMethod afterMethod -->
    <testcase name="@AfterMethod afterMethod" time="0.0" classname="com.keylessQE.test.UserGuideTest">
        <skipped/>
    </testcase> <!-- @AfterMethod afterMethod -->
    <testcase name="@BeforeMethod beforeMethod" time="0.0" classname="com.keylessQE.test.UserGuideTest">
        <skipped/>
    </testcase> <!-- @BeforeMethod beforeMethod -->
    <testcase name="@BeforeMethod beforeMethod" time="0.0" classname="com.keylessQE.test.UserGuideTest">
        <skipped/>
    </testcase> <!-- @BeforeMethod beforeMethod -->
    <testcase name="@AfterMethod afterMethod" time="0.0" classname="com.keylessQE.test.UserGuideTest">
        <skipped/>
    </testcase> <!-- @AfterMethod afterMethod -->
    <testcase name="@AfterMethod afterMethod" time="0.0" classname="com.keylessQE.test.UserGuideTest">
        <skipped/>
    </testcase> <!-- @AfterMethod afterMethod -->
    <testcase name="@BeforeMethod beforeMethod" time="0.0" classname="com.keylessQE.test.UserGuideTest">
        <skipped/>
    </testcase> <!-- @BeforeMethod beforeMethod -->
    <testcase name="@BeforeMethod beforeMethod" time="0.0" classname="com.keylessQE.test.UserGuideTest">
        <skipped/>
    </testcase> <!-- @BeforeMethod beforeMethod -->
    <testcase name="@AfterMethod afterMethod" time="0.0" classname="com.keylessQE.test.UserGuideTest">
        <skipped/>
    </testcase> <!-- @AfterMethod afterMethod -->
    <testcase name="@AfterMethod afterMethod" time="0.0" classname="com.keylessQE.test.UserGuideTest">
        <skipped/>
    </testcase> <!-- @AfterMethod afterMethod -->
    <testcase name="@BeforeMethod beforeMethod" time="0.0" classname="com.keylessQE.test.UserGuideTest">
        <skipped/>
    </testcase> <!-- @BeforeMethod beforeMethod -->
    <testcase name="@BeforeMethod beforeMethod" time="0.0" classname="com.keylessQE.test.UserGuideTest">
        <skipped/>
    </testcase> <!-- @BeforeMethod beforeMethod -->
    <testcase name="@AfterMethod afterMethod" time="0.0" classname="com.keylessQE.test.UserGuideTest">
        <skipped/>
    </testcase> <!-- @AfterMethod afterMethod -->
    <testcase name="@AfterMethod afterMethod" time="0.0" classname="com.keylessQE.test.UserGuideTest">
        <skipped/>
    </testcase> <!-- @AfterMethod afterMethod -->
    <testcase name="@BeforeMethod beforeMethod" time="0.0" classname="com.keylessQE.test.UserGuideTest">
        <skipped/>
    </testcase> <!-- @BeforeMethod beforeMethod -->
    <testcase name="@BeforeMethod beforeMethod" time="0.0" classname="com.keylessQE.test.UserGuideTest">
        <skipped/>
    </testcase> <!-- @BeforeMethod beforeMethod -->
    <testcase name="@AfterMethod afterMethod" time="0.0" classname="com.keylessQE.test.UserGuideTest">
        <skipped/>
    </testcase> <!-- @AfterMethod afterMethod -->
    <testcase name="@AfterMethod afterMethod" time="0.0" classname="com.keylessQE.test.UserGuideTest">
        <skipped/>
    </testcase> <!-- @AfterMethod afterMethod -->
    <testcase name="@BeforeMethod beforeMethod" time="0.0" classname="com.keylessQE.test.UserGuideTest">
        <skipped/>
    </testcase> <!-- @BeforeMethod beforeMethod -->
    <testcase name="@BeforeMethod beforeMethod" time="0.0" classname="com.keylessQE.test.UserGuideTest">
        <skipped/>
    </testcase> <!-- @BeforeMethod beforeMethod -->
    <testcase name="@AfterMethod afterMethod" time="0.0" classname="com.keylessQE.test.UserGuideTest">
        <skipped/>
    </testcase> <!-- @AfterMethod afterMethod -->
    <testcase name="@AfterMethod afterMethod" time="0.0" classname="com.keylessQE.test.UserGuideTest">
        <skipped/>
    </testcase> <!-- @AfterMethod afterMethod -->
    <testcase name="@BeforeMethod beforeMethod" time="0.0" classname="com.keylessQE.test.UserGuideTest">
        <skipped/>
    </testcase> <!-- @BeforeMethod beforeMethod -->
    <testcase name="@BeforeMethod beforeMethod" time="0.0" classname="com.keylessQE.test.UserGuideTest">
        <skipped/>
    </testcase> <!-- @BeforeMethod beforeMethod -->
    <testcase name="@AfterMethod afterMethod" time="0.0" classname="com.keylessQE.test.UserGuideTest">
        <skipped/>
    </testcase> <!-- @AfterMethod afterMethod -->
    <testcase name="@AfterMethod afterMethod" time="0.0" classname="com.keylessQE.test.UserGuideTest">
        <skipped/>
    </testcase> <!-- @AfterMethod afterMethod -->
    <testcase name="@BeforeMethod beforeMethod" time="0.0" classname="com.keylessQE.test.UserGuideTest">
        <skipped/>
    </testcase> <!-- @BeforeMethod beforeMethod -->
    <testcase name="@BeforeMethod beforeMethod" time="0.0" classname="com.keylessQE.test.UserGuideTest">
        <skipped/>
    </testcase> <!-- @BeforeMethod beforeMethod -->
    <testcase name="@AfterMethod afterMethod" time="0.0" classname="com.keylessQE.test.UserGuideTest">
        <skipped/>
    </testcase> <!-- @AfterMethod afterMethod -->
    <testcase name="@AfterMethod afterMethod" time="0.0" classname="com.keylessQE.test.UserGuideTest">
        <skipped/>
    </testcase> <!-- @AfterMethod afterMethod -->
    <testcase name="@BeforeMethod beforeMethod" time="0.0" classname="com.keylessQE.test.UserGuideTest">
        <skipped/>
    </testcase> <!-- @BeforeMethod beforeMethod -->
    <testcase name="@BeforeMethod beforeMethod" time="0.0" classname="com.keylessQE.test.UserGuideTest">
        <skipped/>
    </testcase> <!-- @BeforeMethod beforeMethod -->
    <testcase name="@AfterMethod afterMethod" time="0.0" classname="com.keylessQE.test.UserGuideTest">
        <skipped/>
    </testcase> <!-- @AfterMethod afterMethod -->
    <testcase name="@AfterMethod afterMethod" time="0.0" classname="com.keylessQE.test.UserGuideTest">
        <skipped/>
    </testcase> <!-- @AfterMethod afterMethod -->
    <testcase name="@BeforeMethod beforeMethod" time="0.0" classname="com.keylessQE.test.UserGuideTest">
        <skipped/>
    </testcase> <!-- @BeforeMethod beforeMethod -->
    <testcase name="@BeforeMethod beforeMethod" time="0.0" classname="com.keylessQE.test.UserGuideTest">
        <skipped/>
    </testcase> <!-- @BeforeMethod beforeMethod -->
    <testcase name="@AfterMethod afterMethod" time="0.0" classname="com.keylessQE.test.UserGuideTest">
        <skipped/>
    </testcase> <!-- @AfterMethod afterMethod -->
    <testcase name="@AfterMethod afterMethod" time="0.0" classname="com.keylessQE.test.UserGuideTest">
        <skipped/>
    </testcase> <!-- @AfterMethod afterMethod -->
    <testcase name="@BeforeMethod beforeMethod" time="0.0" classname="com.keylessQE.test.UserGuideTest">
        <skipped/>
    </testcase> <!-- @BeforeMethod beforeMethod -->
    <testcase name="@BeforeMethod beforeMethod" time="0.0" classname="com.keylessQE.test.UserGuideTest">
        <skipped/>
    </testcase> <!-- @BeforeMethod beforeMethod -->
    <testcase name="@AfterMethod afterMethod" time="0.0" classname="com.keylessQE.test.UserGuideTest">
        <skipped/>
    </testcase> <!-- @AfterMethod afterMethod -->
    <testcase name="@AfterMethod afterMethod" time="0.0" classname="com.keylessQE.test.UserGuideTest">
        <skipped/>
    </testcase> <!-- @AfterMethod afterMethod -->
    <testcase name="@BeforeMethod beforeMethod" time="0.0" classname="com.keylessQE.test.UserGuideTest">
        <skipped/>
    </testcase> <!-- @BeforeMethod beforeMethod -->
    <testcase name="@BeforeMethod beforeMethod" time="0.0" classname="com.keylessQE.test.UserGuideTest">
        <skipped/>
    </testcase> <!-- @BeforeMethod beforeMethod -->
    <testcase name="@AfterMethod afterMethod" time="0.0" classname="com.keylessQE.test.UserGuideTest">
        <skipped/>
    </testcase> <!-- @AfterMethod afterMethod -->
    <testcase name="@AfterMethod afterMethod" time="0.0" classname="com.keylessQE.test.UserGuideTest">
        <skipped/>
    </testcase> <!-- @AfterMethod afterMethod -->
    <testcase name="@AfterClass afterClass" time="0.0" classname="com.keylessQE.test.UserGuideTest">
        <skipped/>
    </testcase> <!-- @AfterClass afterClass -->
    <testcase name="@BeforeClass beforeClass" time="0.0" classname="com.keylessQE.test.SelecthomeTest">
        <skipped/>
    </testcase> <!-- @BeforeClass beforeClass -->
    <testcase name="@BeforeMethod beforeMethod" time="0.0" classname="com.keylessQE.test.SelecthomeTest">
        <skipped/>
    </testcase> <!-- @BeforeMethod beforeMethod -->
    <testcase name="@BeforeMethod beforeMethod" time="0.0" classname="com.keylessQE.test.SelecthomeTest">
        <skipped/>
    </testcase> <!-- @BeforeMethod beforeMethod -->
    <testcase name="@AfterMethod afterMethod" time="0.0" classname="com.keylessQE.test.SelecthomeTest">
        <skipped/>
    </testcase> <!-- @AfterMethod afterMethod -->
    <testcase name="@AfterMethod afterMethod" time="0.0" classname="com.keylessQE.test.SelecthomeTest">
        <skipped/>
    </testcase> <!-- @AfterMethod afterMethod -->
    <testcase name="@AfterClass afterClass" time="0.0" classname="com.keylessQE.test.SelecthomeTest">
        <skipped/>
    </testcase> <!-- @AfterClass afterClass -->
    <testcase name="@BeforeMethod beforeMethod" time="0.0" classname="com.keylessQE.test.Thermostat_Dashboard_Test">
        <failure type="java.lang.IllegalArgumentException"
                 message="Can not set io.appium.java_client.MobileElement field com.keyless.pages.Thermostat.Dashboard_ChngModeBtn to org.openqa.selenium.remote.RemoteWebElement$$EnhancerByCGLIB$$d27c0df4">
            <![CDATA[java.lang.IllegalArgumentException: Can not set io.appium.java_client.MobileElement field com.keyless.pages.Thermostat.Dashboard_ChngModeBtn to org.openqa.selenium.remote.RemoteWebElement$$EnhancerByCGLIB$$d27c0df4
	at org.openqa.selenium.support.PageFactory.proxyFields(PageFactory.java:117)
	at org.openqa.selenium.support.PageFactory.initElements(PageFactory.java:105)
	at com.keylessQE.BaseTest.<init>(BaseTest.java:133)
	at com.keyless.pages.Thermostat.<init>(Thermostat.java:9)
	at com.keylessQE.test.Thermostat_Dashboard_Test.beforeMethod(Thermostat_Dashboard_Test.java:56)
	at java.util.concurrent.FutureTask.run(FutureTask.java:266)
	at java.util.concurrent.ThreadPoolExecutor.runWorker(ThreadPoolExecutor.java:1149)
	at java.util.concurrent.ThreadPoolExecutor$Worker.run(ThreadPoolExecutor.java:624)
	at java.lang.Thread.run(Thread.java:748)
... Removed 22 stack frames]]>
        </failure>
    </testcase> <!-- @BeforeMethod beforeMethod -->
    <testcase name="@AfterMethod afterMethod" time="0.0" classname="com.keylessQE.test.Thermostat_Dashboard_Test">
        <skipped/>
    </testcase> <!-- @AfterMethod afterMethod -->
    <testcase name="@BeforeMethod beforeMethod" time="0.0" classname="com.keylessQE.test.Thermostat_Dashboard_Test">
        <skipped/>
    </testcase> <!-- @BeforeMethod beforeMethod -->
    <testcase name="@AfterMethod afterMethod" time="0.0" classname="com.keylessQE.test.Thermostat_Dashboard_Test">
        <skipped/>
    </testcase> <!-- @AfterMethod afterMethod -->
    <testcase name="@BeforeMethod beforeMethod" time="0.0" classname="com.keylessQE.test.Thermostat_Dashboard_Test">
        <skipped/>
    </testcase> <!-- @BeforeMethod beforeMethod -->
    <testcase name="@AfterMethod afterMethod" time="0.0" classname="com.keylessQE.test.Thermostat_Dashboard_Test">
        <skipped/>
    </testcase> <!-- @AfterMethod afterMethod -->
    <testcase name="@BeforeMethod beforeMethod" time="0.0" classname="com.keylessQE.test.Thermostat_Dashboard_Test">
        <skipped/>
    </testcase> <!-- @BeforeMethod beforeMethod -->
    <testcase name="@AfterMethod afterMethod" time="0.0" classname="com.keylessQE.test.Thermostat_Dashboard_Test">
        <skipped/>
    </testcase> <!-- @AfterMethod afterMethod -->
    <testcase name="@BeforeMethod beforeMethod" time="0.0" classname="com.keylessQE.test.Thermostat_Dashboard_Test">
        <skipped/>
    </testcase> <!-- @BeforeMethod beforeMethod -->
    <testcase name="@AfterMethod afterMethod" time="0.0" classname="com.keylessQE.test.Thermostat_Dashboard_Test">
        <skipped/>
    </testcase> <!-- @AfterMethod afterMethod -->
    <testcase name="@AfterClass afterClass" time="0.0" classname="com.keylessQE.test.Thermostat_Dashboard_Test">
        <skipped/>
    </testcase> <!-- @AfterClass afterClass -->
    <testcase name="Succsfull_Login" time="0.428" classname="com.keylessQE.test.LoginTest">
        <skipped/>
    </testcase> <!-- Succsfull_Login -->
    <testcase name="tapSkipBtn" time="0.009" classname="com.keylessQE.test.UserGuideTest">
        <skipped/>
    </testcase> <!-- tapSkipBtn -->
    <testcase name="tapNxtBtn" time="0.002" classname="com.keylessQE.test.UserGuideTest">
        <skipped/>
    </testcase> <!-- tapNxtBtn -->
    <testcase name="UG2" time="0.006" classname="com.keylessQE.test.UserGuideTest">
        <skipped/>
    </testcase> <!-- UG2 -->
    <testcase name="UG3" time="0.002" classname="com.keylessQE.test.UserGuideTest">
        <skipped/>
    </testcase> <!-- UG3 -->
    <testcase name="UG4" time="0.015" classname="com.keylessQE.test.UserGuideTest">
        <skipped/>
    </testcase> <!-- UG4 -->
    <testcase name="UG5" time="0.005" classname="com.keylessQE.test.UserGuideTest">
        <skipped/>
    </testcase> <!-- UG5 -->
    <testcase name="UG6" time="0.003" classname="com.keylessQE.test.UserGuideTest">
        <skipped/>
    </testcase> <!-- UG6 -->
    <testcase name="UG7" time="0.004" classname="com.keylessQE.test.UserGuideTest">
        <skipped/>
    </testcase> <!-- UG7 -->
    <testcase name="UG8" time="0.001" classname="com.keylessQE.test.UserGuideTest">
        <skipped/>
    </testcase> <!-- UG8 -->
    <testcase name="UG9" time="0.001" classname="com.keylessQE.test.UserGuideTest">
        <skipped/>
    </testcase> <!-- UG9 -->
    <testcase name="UGDone" time="0.003" classname="com.keylessQE.test.UserGuideTest">
        <skipped/>
    </testcase> <!-- UGDone -->
    <testcase name="UGDonePopup" time="0.001" classname="com.keylessQE.test.UserGuideTest">
        <skipped/>
    </testcase> <!-- UGDonePopup -->
    <testcase name="UGDoneClosePopup" time="0.001" classname="com.keylessQE.test.UserGuideTest">
        <skipped/>
    </testcase> <!-- UGDoneClosePopup -->
    <testcase name="selectHome" time="0.001" classname="com.keylessQE.test.SelecthomeTest">
        <skipped/>
    </testcase> <!-- selectHome -->
    <testcase name="selectModeBtnDasbaord" time="0.003" classname="com.keylessQE.test.Thermostat_Dashboard_Test">
        <skipped/>
    </testcase> <!-- selectModeBtnDasbaord -->
    <testcase name="ChngeAutoModeBtn" time="0.001" classname="com.keylessQE.test.Thermostat_Dashboard_Test">
        <skipped/>
    </testcase> <!-- ChngeAutoModeBtn -->
    <testcase name="ChngeCoolModeBtn" time="0.001" classname="com.keylessQE.test.Thermostat_Dashboard_Test">
        <skipped/>
    </testcase> <!-- ChngeCoolModeBtn -->
    <testcase name="ChngeHeatModeBtn" time="0.002" classname="com.keylessQE.test.Thermostat_Dashboard_Test">
        <skipped/>
    </testcase> <!-- ChngeHeatModeBtn -->
    <testcase name="OffModeBtn" time="0.002" classname="com.keylessQE.test.Thermostat_Dashboard_Test">
        <skipped/>
    </testcase> <!-- OffModeBtn -->
</testsuite> <!-- I phone -->
