<?xml version="1.0" encoding="UTF-8"?>
<!-- Generated by org.testng.reporters.JUnitXMLReporter -->
<testsuite hostname="Harsha.local" ignored="0" name="Test" tests="3" failures="0" timestamp="2021-08-20T14:51:51 IST"
           time="193.671" errors="0">
    <testcase name="selectHome" time="32.741" classname="com.keylessQE.test.SelecthomeTest"/>
    <testcase name="SirenTest1" time="72.941" classname="com.keylessQE.test.Devices.SirenTest"/>
    <testcase name="SirenTest2" time="41.128" classname="com.keylessQE.test.Devices.SirenTest"/>
</testsuite> <!-- Test -->
