<?xml version="1.0" encoding="UTF-8"?>
<!-- Generated by org.testng.reporters.JUnitXMLReporter -->
<testsuite hostname="Rakeshs-Air" name="Test1" tests="15" failures="0" timestamp="18 Feb 2021 15:17:28 GMT" time="0.244"
           errors="0">
    <testcase name="@BeforeTest beforeTest" time="0.0" classname="com.keylessQE.test.LoginTest">
        <failure type="java.lang.NullPointerException">
            <![CDATA[java.lang.NullPointerException
	at com.keylessQE.BaseTest.beforeTest(BaseTest.java:74)
... Removed 23 stack frames]]>
        </failure>
    </testcase> <!-- @BeforeTest beforeTest -->
    <testcase name="@BeforeClass beforeClass" time="0.0" classname="com.keylessQE.test.LoginTest">
        <skipped/>
    </testcase> <!-- @BeforeClass beforeClass -->
    <testcase name="@BeforeMethod beforeMethod" time="0.0" classname="com.keylessQE.test.LoginTest">
        <skipped/>
    </testcase> <!-- @BeforeMethod beforeMethod -->
    <testcase name="@AfterMethod afterMethod" time="0.0" classname="com.keylessQE.test.LoginTest">
        <skipped/>
    </testcase> <!-- @AfterMethod afterMethod -->
    <testcase name="@AfterClass afterClass" time="0.0" classname="com.keylessQE.test.LoginTest">
        <skipped/>
    </testcase> <!-- @AfterClass afterClass -->
    <testcase name="@BeforeClass beforeClass" time="0.0" classname="com.keylessQE.test.UserGuideTest">
        <skipped/>
    </testcase> <!-- @BeforeClass beforeClass -->
    <testcase name="@BeforeMethod beforeMethod" time="0.0" classname="com.keylessQE.test.UserGuideTest">
        <skipped/>
    </testcase> <!-- @BeforeMethod beforeMethod -->
    <testcase name="@AfterMethod afterMethod" time="0.0" classname="com.keylessQE.test.UserGuideTest">
        <skipped/>
    </testcase> <!-- @AfterMethod afterMethod -->
    <testcase name="@BeforeMethod beforeMethod" time="0.0" classname="com.keylessQE.test.UserGuideTest">
        <skipped/>
    </testcase> <!-- @BeforeMethod beforeMethod -->
    <testcase name="@AfterMethod afterMethod" time="0.0" classname="com.keylessQE.test.UserGuideTest">
        <skipped/>
    </testcase> <!-- @AfterMethod afterMethod -->
    <testcase name="@BeforeMethod beforeMethod" time="0.0" classname="com.keylessQE.test.UserGuideTest">
        <skipped/>
    </testcase> <!-- @BeforeMethod beforeMethod -->
    <testcase name="@AfterMethod afterMethod" time="0.0" classname="com.keylessQE.test.UserGuideTest">
        <skipped/>
    </testcase> <!-- @AfterMethod afterMethod -->
    <testcase name="@BeforeMethod beforeMethod" time="0.0" classname="com.keylessQE.test.UserGuideTest">
        <skipped/>
    </testcase> <!-- @BeforeMethod beforeMethod -->
    <testcase name="@AfterMethod afterMethod" time="0.0" classname="com.keylessQE.test.UserGuideTest">
        <skipped/>
    </testcase> <!-- @AfterMethod afterMethod -->
    <testcase name="@BeforeMethod beforeMethod" time="0.0" classname="com.keylessQE.test.UserGuideTest">
        <skipped/>
    </testcase> <!-- @BeforeMethod beforeMethod -->
    <testcase name="@AfterMethod afterMethod" time="0.0" classname="com.keylessQE.test.UserGuideTest">
        <skipped/>
    </testcase> <!-- @AfterMethod afterMethod -->
    <testcase name="@BeforeMethod beforeMethod" time="0.0" classname="com.keylessQE.test.UserGuideTest">
        <skipped/>
    </testcase> <!-- @BeforeMethod beforeMethod -->
    <testcase name="@AfterMethod afterMethod" time="0.0" classname="com.keylessQE.test.UserGuideTest">
        <skipped/>
    </testcase> <!-- @AfterMethod afterMethod -->
    <testcase name="@BeforeMethod beforeMethod" time="0.0" classname="com.keylessQE.test.UserGuideTest">
        <skipped/>
    </testcase> <!-- @BeforeMethod beforeMethod -->
    <testcase name="@AfterMethod afterMethod" time="0.0" classname="com.keylessQE.test.UserGuideTest">
        <skipped/>
    </testcase> <!-- @AfterMethod afterMethod -->
    <testcase name="@BeforeMethod beforeMethod" time="0.0" classname="com.keylessQE.test.UserGuideTest">
        <skipped/>
    </testcase> <!-- @BeforeMethod beforeMethod -->
    <testcase name="@AfterMethod afterMethod" time="0.003" classname="com.keylessQE.test.UserGuideTest">
        <skipped/>
    </testcase> <!-- @AfterMethod afterMethod -->
    <testcase name="@BeforeMethod beforeMethod" time="0.0" classname="com.keylessQE.test.UserGuideTest">
        <skipped/>
    </testcase> <!-- @BeforeMethod beforeMethod -->
    <testcase name="@AfterMethod afterMethod" time="0.0" classname="com.keylessQE.test.UserGuideTest">
        <skipped/>
    </testcase> <!-- @AfterMethod afterMethod -->
    <testcase name="@BeforeMethod beforeMethod" time="0.0" classname="com.keylessQE.test.UserGuideTest">
        <skipped/>
    </testcase> <!-- @BeforeMethod beforeMethod -->
    <testcase name="@AfterMethod afterMethod" time="0.0" classname="com.keylessQE.test.UserGuideTest">
        <skipped/>
    </testcase> <!-- @AfterMethod afterMethod -->
    <testcase name="@BeforeMethod beforeMethod" time="0.0" classname="com.keylessQE.test.UserGuideTest">
        <skipped/>
    </testcase> <!-- @BeforeMethod beforeMethod -->
    <testcase name="@AfterMethod afterMethod" time="0.0" classname="com.keylessQE.test.UserGuideTest">
        <skipped/>
    </testcase> <!-- @AfterMethod afterMethod -->
    <testcase name="@BeforeMethod beforeMethod" time="0.0" classname="com.keylessQE.test.UserGuideTest">
        <skipped/>
    </testcase> <!-- @BeforeMethod beforeMethod -->
    <testcase name="@AfterMethod afterMethod" time="0.0" classname="com.keylessQE.test.UserGuideTest">
        <skipped/>
    </testcase> <!-- @AfterMethod afterMethod -->
    <testcase name="@BeforeMethod beforeMethod" time="0.0" classname="com.keylessQE.test.UserGuideTest">
        <skipped/>
    </testcase> <!-- @BeforeMethod beforeMethod -->
    <testcase name="@AfterMethod afterMethod" time="0.0" classname="com.keylessQE.test.UserGuideTest">
        <skipped/>
    </testcase> <!-- @AfterMethod afterMethod -->
    <testcase name="@AfterClass afterClass" time="0.0" classname="com.keylessQE.test.UserGuideTest">
        <skipped/>
    </testcase> <!-- @AfterClass afterClass -->
    <testcase name="@BeforeClass beforeClass" time="0.0" classname="com.keylessQE.test.SelecthomeTest">
        <skipped/>
    </testcase> <!-- @BeforeClass beforeClass -->
    <testcase name="@BeforeMethod beforeMethod" time="0.0" classname="com.keylessQE.test.SelecthomeTest">
        <skipped/>
    </testcase> <!-- @BeforeMethod beforeMethod -->
    <testcase name="@AfterMethod afterMethod" time="0.0" classname="com.keylessQE.test.SelecthomeTest">
        <skipped/>
    </testcase> <!-- @AfterMethod afterMethod -->
    <testcase name="@AfterClass afterClass" time="0.0" classname="com.keylessQE.test.SelecthomeTest">
        <skipped/>
    </testcase> <!-- @AfterClass afterClass -->
    <testcase name="Succsfull_Login" time="0.009" classname="com.keylessQE.test.LoginTest">
        <skipped/>
    </testcase> <!-- Succsfull_Login -->
    <testcase name="tapSkipBtn" time="0.002" classname="com.keylessQE.test.UserGuideTest">
        <skipped/>
    </testcase> <!-- tapSkipBtn -->
    <testcase name="tapNxtBtn" time="0.002" classname="com.keylessQE.test.UserGuideTest">
        <skipped/>
    </testcase> <!-- tapNxtBtn -->
    <testcase name="UG2" time="0.002" classname="com.keylessQE.test.UserGuideTest">
        <skipped/>
    </testcase> <!-- UG2 -->
    <testcase name="UG3" time="0.005" classname="com.keylessQE.test.UserGuideTest">
        <skipped/>
    </testcase> <!-- UG3 -->
    <testcase name="UG4" time="0.003" classname="com.keylessQE.test.UserGuideTest">
        <skipped/>
    </testcase> <!-- UG4 -->
    <testcase name="UG5" time="0.002" classname="com.keylessQE.test.UserGuideTest">
        <skipped/>
    </testcase> <!-- UG5 -->
    <testcase name="UG6" time="0.002" classname="com.keylessQE.test.UserGuideTest">
        <skipped/>
    </testcase> <!-- UG6 -->
    <testcase name="UG7" time="0.001" classname="com.keylessQE.test.UserGuideTest">
        <skipped/>
    </testcase> <!-- UG7 -->
    <testcase name="UG8" time="0.001" classname="com.keylessQE.test.UserGuideTest">
        <skipped/>
    </testcase> <!-- UG8 -->
    <testcase name="UG9" time="0.002" classname="com.keylessQE.test.UserGuideTest">
        <skipped/>
    </testcase> <!-- UG9 -->
    <testcase name="UGDone" time="0.003" classname="com.keylessQE.test.UserGuideTest">
        <skipped/>
    </testcase> <!-- UGDone -->
    <testcase name="UGDonePopup" time="0.002" classname="com.keylessQE.test.UserGuideTest">
        <skipped/>
    </testcase> <!-- UGDonePopup -->
    <testcase name="UGDoneClosePopup" time="0.002" classname="com.keylessQE.test.UserGuideTest">
        <skipped/>
    </testcase> <!-- UGDoneClosePopup -->
    <testcase name="selectHome" time="0.001" classname="com.keylessQE.test.SelecthomeTest">
        <skipped/>
    </testcase> <!-- selectHome -->
</testsuite> <!-- Test1 -->
