<?xml version="1.0" encoding="UTF-8"?>
<testng-results skipped="0" failed="0" ignored="0" total="3" passed="3">
    <reporter-output>
    </reporter-output>
    <suite name="Suite" duration-ms="193671" started-at="2021-08-20T14:48:37 IST" finished-at="2021-08-20T14:51:50 IST">
        <groups>
        </groups>
        <test name="Test" duration-ms="193671" started-at="2021-08-20T14:48:37 IST"
              finished-at="2021-08-20T14:51:50 IST">
            <class name="com.keylessQE.test.SelecthomeTest">
                <test-method status="PASS"
                             signature="beforeTest(java.lang.String,java.lang.String,java.lang.String,java.lang.String,java.lang.String,java.lang.String,java.lang.String)[pri:0, instance:com.keylessQE.test.SelecthomeTest@21e360a]"
                             name="beforeTest" is-config="true" duration-ms="23876" started-at="2021-08-20T14:48:37 IST"
                             finished-at="2021-08-20T14:49:01 IST">
                    <params>
                        <param index="0">
                            <value>
                                <![CDATA[iOS]]>
                            </value>
                        </param>
                        <param index="1">
                            <value>
                                <![CDATA[lenovo]]>
                            </value>
                        </param>
                        <param index="2">
                            <value>
                                <![CDATA[17EC789A-D752-4395-A9CA-D008A9333C8A]]>
                            </value>
                        </param>
                        <param index="3">
                            <value>
                                <![CDATA[androidOnly]]>
                            </value>
                        </param>
                        <param index="4">
                            <value>
                                <![CDATA[androidOnly]]>
                            </value>
                        </param>
                        <param index="5">
                            <value>
                                <![CDATA[10001]]>
                            </value>
                        </param>
                        <param index="6">
                            <value>
                                <![CDATA[11000]]>
                            </value>
                        </param>
                    </params>
                    <reporter-output>
                    </reporter-output>
                </test-method> <!-- beforeTest -->
                <test-method status="PASS"
                             signature="beforeClass()[pri:0, instance:com.keylessQE.test.SelecthomeTest@21e360a]"
                             name="beforeClass" is-config="true" duration-ms="19040"
                             started-at="2021-08-20T14:49:01 IST" finished-at="2021-08-20T14:49:20 IST">
                    <reporter-output>
                    </reporter-output>
                </test-method> <!-- beforeClass -->
                <test-method status="PASS"
                             signature="beforeMethod()[pri:0, instance:com.keylessQE.test.SelecthomeTest@21e360a]"
                             name="beforeMethod" is-config="true" duration-ms="640" started-at="2021-08-20T14:49:20 IST"
                             finished-at="2021-08-20T14:49:20 IST">
                    <reporter-output>
                    </reporter-output>
                </test-method> <!-- beforeMethod -->
                <test-method status="PASS"
                             signature="beforeMethod(java.lang.reflect.Method)[pri:0, instance:com.keylessQE.test.SelecthomeTest@21e360a]"
                             name="beforeMethod" is-config="true" duration-ms="304" started-at="2021-08-20T14:49:20 IST"
                             finished-at="2021-08-20T14:49:21 IST">
                    <params>
                        <param index="0">
                            <value>
                                <![CDATA[public void com.keylessQE.test.SelecthomeTest.selectHome() throws java.lang.Exception]]>
                            </value>
                        </param>
                    </params>
                    <reporter-output>
                    </reporter-output>
                </test-method> <!-- beforeMethod -->
                <test-method status="PASS"
                             signature="selectHome()[pri:17, instance:com.keylessQE.test.SelecthomeTest@21e360a]"
                             name="selectHome" duration-ms="32741" started-at="2021-08-20T14:49:21 IST"
                             finished-at="2021-08-20T14:49:54 IST">
                    <reporter-output>
                    </reporter-output>
                </test-method> <!-- selectHome -->
                <test-method status="PASS"
                             signature="afterMethod()[pri:0, instance:com.keylessQE.test.SelecthomeTest@21e360a]"
                             name="afterMethod" is-config="true" duration-ms="1" started-at="2021-08-20T14:49:54 IST"
                             finished-at="2021-08-20T14:49:54 IST">
                    <reporter-output>
                    </reporter-output>
                </test-method> <!-- afterMethod -->
                <test-method status="PASS"
                             signature="afterMethod(org.testng.ITestResult)[pri:0, instance:com.keylessQE.test.SelecthomeTest@21e360a]"
                             name="afterMethod" is-config="true" duration-ms="2006" started-at="2021-08-20T14:49:54 IST"
                             finished-at="2021-08-20T14:49:56 IST">
                    <params>
                        <param index="0">
                            <value>
                                <![CDATA[[TestResult name=selectHome status=SUCCESS method=SelecthomeTest.selectHome()[pri:17, instance:com.keylessQE.test.SelecthomeTest@21e360a] output={null}]]]>
                            </value>
                        </param>
                    </params>
                    <reporter-output>
                    </reporter-output>
                </test-method> <!-- afterMethod -->
                <test-method status="PASS"
                             signature="afterClass()[pri:0, instance:com.keylessQE.test.SelecthomeTest@21e360a]"
                             name="afterClass" is-config="true" duration-ms="0" started-at="2021-08-20T14:49:56 IST"
                             finished-at="2021-08-20T14:49:56 IST">
                    <reporter-output>
                    </reporter-output>
                </test-method> <!-- afterClass -->
                <test-method status="FAIL"
                             signature="afterTest()[pri:0, instance:com.keylessQE.test.SelecthomeTest@21e360a]"
                             name="afterTest" is-config="true" duration-ms="0" started-at="2021-08-20T14:51:52 IST"
                             finished-at="2021-08-20T14:51:52 IST">
                    <exception class="java.lang.NullPointerException">
                        <full-stacktrace>
                            <![CDATA[java.lang.NullPointerException
at com.keylessQE.BaseTest.afterTest(BaseTest.java:595)
at sun.reflect.NativeMethodAccessorImpl.invoke0(Native Method)
at sun.reflect.NativeMethodAccessorImpl.invoke(NativeMethodAccessorImpl.java:62)
at sun.reflect.DelegatingMethodAccessorImpl.invoke(DelegatingMethodAccessorImpl.java:43)
at java.lang.reflect.Method.invoke(Method.java:498)
at org.testng.internal.MethodInvocationHelper.invokeMethod(MethodInvocationHelper.java:133)
at org.testng.internal.MethodInvocationHelper.invokeMethodConsideringTimeout(MethodInvocationHelper.java:62)
at org.testng.internal.ConfigInvoker.invokeConfigurationMethod(ConfigInvoker.java:385)
at org.testng.internal.ConfigInvoker.invokeConfigurations(ConfigInvoker.java:321)
at org.testng.SuiteRunner.privateRun(SuiteRunner.java:344)
at org.testng.SuiteRunner.run(SuiteRunner.java:276)
at org.testng.SuiteRunnerWorker.runSuite(SuiteRunnerWorker.java:53)
at org.testng.SuiteRunnerWorker.run(SuiteRunnerWorker.java:96)
at org.testng.TestNG.runSuitesSequentially(TestNG.java:1212)
at org.testng.TestNG.runSuitesLocally(TestNG.java:1134)
at org.testng.TestNG.runSuites(TestNG.java:1063)
at org.testng.TestNG.run(TestNG.java:1031)
at org.testng.remote.AbstractRemoteTestNG.run(AbstractRemoteTestNG.java:115)
at org.testng.remote.RemoteTestNG.initAndRun(RemoteTestNG.java:251)
at org.testng.remote.RemoteTestNG.main(RemoteTestNG.java:77)
]]>
                        </full-stacktrace>
                    </exception> <!-- java.lang.NullPointerException -->
                    <reporter-output>
                    </reporter-output>
                </test-method> <!-- afterTest -->
            </class> <!-- com.keylessQE.test.SelecthomeTest -->
            <class name="com.keylessQE.test.Devices.SirenTest">
                <test-method status="PASS"
                             signature="beforeClass()[pri:0, instance:com.keylessQE.test.Devices.SirenTest@1b2abca6]"
                             name="beforeClass" is-config="true" duration-ms="25" started-at="2021-08-20T14:49:56 IST"
                             finished-at="2021-08-20T14:49:56 IST">
                    <reporter-output>
                    </reporter-output>
                </test-method> <!-- beforeClass -->
                <test-method status="PASS"
                             signature="beforeMethod(java.lang.reflect.Method)[pri:0, instance:com.keylessQE.test.Devices.SirenTest@1b2abca6]"
                             name="beforeMethod" is-config="true" duration-ms="551" started-at="2021-08-20T14:49:56 IST"
                             finished-at="2021-08-20T14:49:56 IST">
                    <params>
                        <param index="0">
                            <value>
                                <![CDATA[public void com.keylessQE.test.Devices.SirenTest.SirenTest1() throws java.lang.Exception]]>
                            </value>
                        </param>
                    </params>
                    <reporter-output>
                    </reporter-output>
                </test-method> <!-- beforeMethod -->
                <test-method status="PASS"
                             signature="SirenTest1()[pri:49, instance:com.keylessQE.test.Devices.SirenTest@1b2abca6]"
                             name="SirenTest1" duration-ms="72941" started-at="2021-08-20T14:49:56 IST"
                             finished-at="2021-08-20T14:51:09 IST">
                    <reporter-output>
                    </reporter-output>
                </test-method> <!-- SirenTest1 -->
                <test-method status="PASS"
                             signature="beforeMethod(java.lang.reflect.Method)[pri:0, instance:com.keylessQE.test.Devices.SirenTest@1b2abca6]"
                             name="beforeMethod" is-config="true" duration-ms="282" started-at="2021-08-20T14:51:09 IST"
                             finished-at="2021-08-20T14:51:09 IST">
                    <params>
                        <param index="0">
                            <value>
                                <![CDATA[public void com.keylessQE.test.Devices.SirenTest.SirenTest2() throws java.lang.Exception]]>
                            </value>
                        </param>
                    </params>
                    <reporter-output>
                    </reporter-output>
                </test-method> <!-- beforeMethod -->
                <test-method status="PASS"
                             signature="SirenTest2()[pri:50, instance:com.keylessQE.test.Devices.SirenTest@1b2abca6]"
                             name="SirenTest2" duration-ms="41128" started-at="2021-08-20T14:51:09 IST"
                             finished-at="2021-08-20T14:51:50 IST">
                    <reporter-output>
                    </reporter-output>
                </test-method> <!-- SirenTest2 -->
            </class> <!-- com.keylessQE.test.Devices.SirenTest -->
        </test> <!-- Test -->
    </suite> <!-- Suite -->
</testng-results>
